<?xml version="1.0" encoding="UTF-8"?>
<!-- Generated by org.testng.reporters.JUnitReportReporter -->
<testsuite skipped="0" hostname="WindowProNew" name="runner.TestRunner" tests="1" failures="1" timestamp="26 Oct 2020 18:24:12 GMT" time="20.948" errors="0">
  <testcase name="runScenario" time="20.948" classname="runner.TestRunner">
    <failure type="java.lang.AssertionError" message="Hello admin! expected [Hello admin!] but found [Home Page not opened]">
      <![CDATA[java.lang.AssertionError: Hello admin! expected [Hello admin!] but found [Home Page not opened]at org.testng.Assert.fail(Assert.java:96)at org.testng.Assert.failNotEquals(Assert.java:776)at org.testng.Assert.assertEqualsImpl(Assert.java:137)at org.testng.Assert.assertEquals(Assert.java:118)at org.testng.Assert.assertEquals(Assert.java:453)at steps.LoginSteps.i_should_see_the_hello_message_on_home_page(LoginSteps.java:51)at ✽.I should see the hello message on home screen(file:///C:/Users/sanjay.pg/git/SeleniumFramework/src/test/java/features/CucumberFeature.feature:12)]]>
    </failure>
  </testcase> <!-- runScenario -->
</testsuite> <!-- runner.TestRunner -->
